[10:32:22] [main/WARN]: Ambiguity between arguments [teleport, destination] and [teleport, targets] with inputs: [Player, 0123, @e, dd12be42-52a9-4a91-a8a1-11c01849e498]
[10:32:22] [main/WARN]: Ambiguity between arguments [teleport, location] and [teleport, destination] with inputs: [0.1 -0.5 .9, 0 0 0]
[10:32:22] [main/WARN]: Ambiguity between arguments [teleport, location] and [teleport, targets] with inputs: [0.1 -0.5 .9, 0 0 0]
[10:32:23] [main/WARN]: Ambiguity between arguments [teleport, targets] and [teleport, destination] with inputs: [Player, 0123, dd12be42-52a9-4a91-a8a1-11c01849e498]
[10:32:23] [main/WARN]: Ambiguity between arguments [teleport, targets, location] and [teleport, targets, destination] with inputs: [0.1 -0.5 .9, 0 0 0]
[10:32:23] [main/INFO]: Reloading ResourceManager: Default
[10:32:24] [Worker-Main-12/INFO]: Loaded 7 recipes
[10:32:25] [Worker-Main-12/INFO]: Loaded 927 advancements
[10:32:27] [Server thread/INFO]: Starting minecraft server version 1.16.5
[10:32:27] [Server thread/INFO]: Loading properties
[10:32:27] [Server thread/INFO]: Default game type: SURVIVAL
[10:32:27] [Server thread/INFO]: Generating keypair
[10:32:27] [Server thread/INFO]: Starting Minecraft server on localhost:25565
[10:32:27] [Server thread/INFO]: Using default channel type
[10:32:28] [Server thread/WARN]: **** SERVER IS RUNNING IN OFFLINE/INSECURE MODE!
[10:32:28] [Server thread/WARN]: The server will make no attempt to authenticate usernames. Beware.
[10:32:28] [Server thread/WARN]: While this makes the game possible to play without internet access, it also opens up the ability for hackers to connect with any username they choose.
[10:32:28] [Server thread/WARN]: To change this, set "online-mode" to "true" in the server.properties file.
[10:32:28] [Server thread/INFO]: Preparing level "world"
[10:32:28] [Server thread/INFO]: Preparing start region for dimension minecraft:overworld
[10:32:30] [Server thread/INFO]: Preparing spawn area: 0%
[10:32:30] [Server thread/INFO]: Preparing spawn area: 0%
[10:32:30] [Server thread/INFO]: Preparing spawn area: 0%
[10:32:30] [Server thread/INFO]: Preparing spawn area: 0%
[10:32:30] [Server thread/INFO]: Preparing spawn area: 0%
[10:32:32] [Server thread/INFO]: Preparing spawn area: 0%
[10:32:32] [Server thread/INFO]: Preparing spawn area: 0%
[10:32:32] [Server thread/INFO]: Preparing spawn area: 0%
[10:32:32] [Server thread/INFO]: Preparing spawn area: 0%
[10:32:44] [Worker-Main-10/INFO]: Preparing spawn area: 83%
[10:32:44] [Worker-Main-12/INFO]: Preparing spawn area: 83%
[10:32:44] [Worker-Main-13/INFO]: Preparing spawn area: 83%
[10:32:44] [Server thread/INFO]: Preparing spawn area: 83%
[10:32:44] [Worker-Main-11/INFO]: Preparing spawn area: 83%
[10:32:44] [Server thread/INFO]: Preparing spawn area: 83%
[10:32:44] [Worker-Main-11/INFO]: Preparing spawn area: 83%
[10:32:44] [Server thread/INFO]: Preparing spawn area: 83%
[10:32:44] [Worker-Main-10/INFO]: Preparing spawn area: 83%
[10:32:44] [Server thread/INFO]: Preparing spawn area: 83%
[10:32:44] [Worker-Main-10/INFO]: Preparing spawn area: 83%
[10:32:44] [Server thread/INFO]: Preparing spawn area: 83%
[10:32:44] [Server thread/INFO]: Preparing spawn area: 83%
[10:32:44] [Server thread/INFO]: Preparing spawn area: 83%
[10:32:44] [Worker-Main-10/INFO]: Preparing spawn area: 83%
[10:32:44] [Worker-Main-10/INFO]: Preparing spawn area: 83%
[10:32:44] [Worker-Main-10/INFO]: Preparing spawn area: 83%
[10:32:44] [Worker-Main-10/INFO]: Preparing spawn area: 83%
[10:32:44] [Worker-Main-10/INFO]: Preparing spawn area: 83%
[10:32:44] [Worker-Main-10/INFO]: Preparing spawn area: 83%
[10:32:44] [Worker-Main-11/INFO]: Preparing spawn area: 83%
[10:32:44] [Worker-Main-11/INFO]: Preparing spawn area: 83%
[10:32:44] [Worker-Main-11/INFO]: Preparing spawn area: 83%
[10:32:44] [Server thread/INFO]: Preparing spawn area: 83%
[10:32:45] [Worker-Main-14/INFO]: Preparing spawn area: 99%
[10:32:45] [Worker-Main-10/INFO]: Preparing spawn area: 99%
[10:32:46] [Worker-Main-10/INFO]: Preparing spawn area: 99%
[10:32:47] [Server thread/INFO]: Time elapsed: 18450 ms
[10:32:47] [Server thread/INFO]: Done (18.649s)! For help, type "help"
[10:34:13] [Server thread/INFO]: greenpizza12[/127.0.0.1:57357] logged in with entity id 171 at (75.18310352413388, 63.0, -61.45224828535877)
[10:34:13] [Server thread/INFO]: greenpizza12 joined the game
[10:48:17] [Server thread/INFO]: greenpizza12 was shot by Skeleton
[11:17:38] [Server thread/INFO]: greenpizza12 was slain by Drowned
[11:19:11] [Server thread/INFO]: greenpizza12 was slain by Zombie
[11:32:35] [Server thread/INFO]: Unknown or incomplete command, see below for error
[11:32:35] [Server thread/INFO]: exit<--[HERE]
